/*C2*/SET SCHEMA PUBLIC
CONNECT USER SA
DELETE FROM USERS WHERE ID=3
DELETE FROM USERS WHERE ID=7
INSERT INTO USERS VALUES(1000,'RUSLAN','LYZOGUB','1996-10-29')
INSERT INTO USERS VALUES(1001,'DONOS','YAROSLAV','1997-01-22')
DISCONNECT
/*C3*/SET SCHEMA PUBLIC
CONNECT USER SA
/*C4*/SET SCHEMA PUBLIC
CONNECT USER SA
DELETE FROM USERS WHERE ID=1000
DELETE FROM USERS WHERE ID=1001
INSERT INTO USERS VALUES(1000,'RUSLAN','LYZOGUB','1996-10-29')
INSERT INTO USERS VALUES(1001,'DONOS','YAROSLAV','1997-01-22')
DISCONNECT
/*C5*/SET SCHEMA PUBLIC
CONNECT USER SA
INSERT INTO USERS VALUES(1002,'RUSLAN','LYZOGUB','2016-12-11')
DISCONNECT
/*C6*/SET SCHEMA PUBLIC
CONNECT USER SA
DISCONNECT
/*C7*/SET SCHEMA PUBLIC
CONNECT USER SA
DELETE FROM USERS WHERE ID=1000
DELETE FROM USERS WHERE ID=1001
DELETE FROM USERS WHERE ID=1002
INSERT INTO USERS VALUES(1000,'RUSLAN','LYZOGUB','1996-10-29')
INSERT INTO USERS VALUES(1001,'DONOS','YAROSLAV','1997-01-22')
DISCONNECT
/*C8*/SET SCHEMA PUBLIC
CONNECT USER SA
INSERT INTO USERS VALUES(1003,'RUSLAN','LYZOGUB','2016-12-11')
DISCONNECT
/*C9*/SET SCHEMA PUBLIC
CONNECT USER SA
DELETE FROM USERS WHERE ID=1000
DELETE FROM USERS WHERE ID=1001
DELETE FROM USERS WHERE ID=1003
INSERT INTO USERS VALUES(1000,'RUSLAN','LYZOGUB','1996-10-29')
INSERT INTO USERS VALUES(1001,'DONOS','YAROSLAV','1997-01-22')
DISCONNECT
/*C10*/SET SCHEMA PUBLIC
CONNECT USER SA
INSERT INTO USERS VALUES(1004,'RUSLAN','LYZOGUB','2016-12-11')
DISCONNECT
/*C11*/SET SCHEMA PUBLIC
CONNECT USER SA
DELETE FROM USERS WHERE ID=1004
DISCONNECT
/*C12*/SET SCHEMA PUBLIC
CONNECT USER SA
DISCONNECT
/*C13*/SET SCHEMA PUBLIC
CONNECT USER SA
DELETE FROM USERS WHERE ID=1000
DELETE FROM USERS WHERE ID=1001
INSERT INTO USERS VALUES(1000,'RUSLAN','LYZOGUB','1996-10-29')
INSERT INTO USERS VALUES(1001,'DONOS','YAROSLAV','1997-01-22')
DISCONNECT
/*C14*/SET SCHEMA PUBLIC
CONNECT USER SA
INSERT INTO USERS VALUES(1005,'Ivan','Petrov','2016-12-11')
DISCONNECT
/*C15*/SET SCHEMA PUBLIC
CONNECT USER SA
DELETE FROM USERS WHERE ID=1005
INSERT INTO USERS VALUES(1005,'Max','Colin','2016-12-11')
DISCONNECT
/*C16*/SET SCHEMA PUBLIC
CONNECT USER SA
